Info : The selected transport took over low-level target control. The results might differ compared to plain JTAG/SWD
adapter speed: 1 kHz
adapter speed: 10000 kHz
Info : clock speed 32764 kHz
Info : ICDI Firmware version: 9270
Info : tm4c123gh6pm.cpu: hardware has 6 breakpoints, 4 watchpoints
Info : accepting 'gdb' connection from pipe
undefined debug reason 7 - target needs reset
adapter speed: RCLK - adaptive
target halted due to debug-request, current mode: Thread 
xPSR: 0x01000000 pc: 0x00000130 msp: 0x20008000
adapter speed: RCLK - adaptive
target halted due to debug-request, current mode: Thread 
xPSR: 0x01000000 pc: 0x00000130 msp: 0x20008000
adapter speed: RCLK - adaptive
target halted due to debug-request, current mode: Thread 
xPSR: 0x01000000 pc: 0x00000130 msp: 0x20008000
adapter speed: RCLK - adaptive
target halted due to debug-request, current mode: Thread 
xPSR: 0x01000000 pc: 0x00000130 msp: 0x20008000
Info : dropped 'gdb' connection
